TN:
SF:src/index.js
FN:4,(anonymous_0)
FN:9,(anonymous_1)
FNF:2
FNH:2
FNDA:1,(anonymous_0)
FNDA:5,(anonymous_1)
DA:4,1
DA:5,1
DA:6,1
DA:7,1
DA:9,1
DA:10,5
DA:11,1
DA:14,4
DA:15,2
DA:18,2
DA:19,1
DA:21,1
DA:24,1
LF:13
LH:13
BRDA:10,0,0,1
BRDA:10,0,1,4
BRDA:14,1,0,2
BRDA:14,1,1,2
BRDA:18,2,0,1
BRDA:18,2,1,1
BRF:6
BRH:6
end_of_record
TN:
SF:src/utils.js
FN:8,(anonymous_0)
FN:10,(anonymous_1)
FN:15,(anonymous_2)
FNF:3
FNH:3
FNDA:3,(anonymous_0)
FNDA:2,(anonymous_1)
FNDA:3,(anonymous_2)
DA:5,1
DA:6,1
DA:8,3
DA:10,1
DA:11,2
DA:12,2
DA:15,3
LF:7
LH:7
BRF:0
BRH:0
end_of_record
